<?xml version="1.0" encoding="UTF-8"?>
<testng-results skipped="0" failed="0" ignored="0" total="2" passed="2">
  <reporter-output>
  </reporter-output>
  <suite name="Default suite" duration-ms="28987" started-at="2022-12-25T18:42:52 IST" finished-at="2022-12-25T18:43:21 IST">
    <groups>
    </groups>
    <test name="Default test" duration-ms="28987" started-at="2022-12-25T18:42:52 IST" finished-at="2022-12-25T18:43:21 IST">
      <class name="com.OmayaBlog.Testcases.OmayaBlog1">
        <test-method status="PASS" signature="Firsttestcase()[pri:0, instance:com.OmayaBlog.Testcases.OmayaBlog1@2173f6d9]" name="Firsttestcase" duration-ms="15307" started-at="2022-12-25T18:42:52 IST" finished-at="2022-12-25T18:43:08 IST">
          <reporter-output>
          </reporter-output>
        </test-method> <!-- Firsttestcase -->
        <test-method status="PASS" signature="secondtestcase()[pri:0, instance:com.OmayaBlog.Testcases.OmayaBlog1@2173f6d9]" name="secondtestcase" duration-ms="13617" started-at="2022-12-25T18:43:08 IST" finished-at="2022-12-25T18:43:21 IST">
          <reporter-output>
          </reporter-output>
        </test-method> <!-- secondtestcase -->
      </class> <!-- com.OmayaBlog.Testcases.OmayaBlog1 -->
    </test> <!-- Default test -->
  </suite> <!-- Default suite -->
</testng-results>
